<?xml version="1.0" encoding="UTF-8"?>
<testsuite xmlns:xsi="http://www.w3.org/2001/XMLSchema-instance" xsi:noNamespaceSchemaLocation="https://maven.apache.org/surefire/maven-surefire-plugin/xsd/surefire-test-report-3.0.xsd" version="3.0" name="com.example.redis.example.AsyncRedisTemplateIntegrationTests" time="10.998" tests="8" errors="0" skipped="0" failures="0">
  <properties>
[...]
</properties>
  <testcase name="transactionShouldQueueAndExecAgainstRealRedis" classname="com.example.redis.example.AsyncRedisTemplateIntegrationTests" time="2.545">
    <system-out><![CDATA[
  .   ____          _            __ _ _
 /\\ / ___'_ __ _ _(_)_ __  __ _ \ \ \ \
( ( )\___ | '_ | '_| | '_ \/ _` | \ \ \ \
 \\/  ___)| |_)| | | | | || (_| |  ) ) ) )
  '  |____| .__|_| |_|_| |_\__, | / / / /
 =========|_|==============|___/=/_/_/_/

 :: Spring Boot ::                (v3.3.5)

2026-05-11T11:14:10.725+08:00  WARN 35485 --- [async-redis-example] [           main] ory$DuplicateJsonObjectContextCustomizer : 

Found multiple occurrences of org.json.JSONObject on the class path:

	jar:file:/tmp/spring-data-redis-lettuce-m2/com/vaadin/external/google/android-json/0.0.20131108.vaadin1/android-json-0.0.20131108.vaadin1.jar!/org/json/JSONObject.class
	jar:file:/tmp/spring-data-redis-lettuce-m2/org/json/json/20231013/json-20231013.jar!/org/json/JSONObject.class

You may wish to exclude one of them to ensure predictable runtime behavior

2026-05-11T11:14:11.956+08:00  INFO 35485 --- [async-redis-example] [           main] e.r.e.AsyncRedisTemplateIntegrationTests : Starting AsyncRedisTemplateIntegrationTests using Java 21.0.7 with PID 35485 (started by su in /Users/su/workspace/code/spring-data-redis-lettuce)
2026-05-11T11:14:11.958+08:00  INFO 35485 --- [async-redis-example] [           main] e.r.e.AsyncRedisTemplateIntegrationTests : No active profile set, falling back to 1 default profile: "default"
2026-05-11T11:14:13.096+08:00  INFO 35485 --- [async-redis-example] [           main] .s.d.r.c.RepositoryConfigurationDelegate : Multiple Spring Data modules found, entering strict repository configuration mode
2026-05-11T11:14:13.101+08:00  INFO 35485 --- [async-redis-example] [           main] .s.d.r.c.RepositoryConfigurationDelegate : Bootstrapping Spring Data Redis repositories in DEFAULT mode.
2026-05-11T11:14:13.185+08:00  INFO 35485 --- [async-redis-example] [           main] .s.d.r.c.RepositoryConfigurationDelegate : Finished Spring Data repository scanning in 46 ms. Found 0 Redis repository interfaces.
2026-05-11T11:14:14.258+08:00  INFO 35485 --- [async-redis-example] [           main] o.s.b.w.embedded.tomcat.TomcatWebServer  : Tomcat initialized with port 0 (http)
2026-05-11T11:14:14.290+08:00  INFO 35485 --- [async-redis-example] [           main] o.apache.catalina.core.StandardService   : Starting service [Tomcat]
2026-05-11T11:14:14.291+08:00  INFO 35485 --- [async-redis-example] [           main] o.apache.catalina.core.StandardEngine    : Starting Servlet engine: [Apache Tomcat/10.1.31]
2026-05-11T11:14:14.419+08:00  INFO 35485 --- [async-redis-example] [           main] o.a.c.c.C.[Tomcat].[localhost].[/]       : Initializing Spring embedded WebApplicationContext
2026-05-11T11:14:14.424+08:00  INFO 35485 --- [async-redis-example] [           main] w.s.c.ServletWebServerApplicationContext : Root WebApplicationContext: initialization completed in 2428 ms
2026-05-11T11:14:16.209+08:00  INFO 35485 --- [async-redis-example] [           main] o.s.b.w.embedded.tomcat.TomcatWebServer  : Tomcat started on port 60075 (http) with context path '/'
2026-05-11T11:14:16.233+08:00  INFO 35485 --- [async-redis-example] [           main] e.r.e.AsyncRedisTemplateIntegrationTests : Started AsyncRedisTemplateIntegrationTests in 6.122 seconds (process running for 8.681)
]]></system-out>
    <system-err><![CDATA[WARNING: A Java agent has been loaded dynamically (/tmp/spring-data-redis-lettuce-m2/net/bytebuddy/byte-buddy-agent/1.14.19/byte-buddy-agent-1.14.19.jar)
WARNING: If a serviceability tool is in use, please run with -XX:+EnableDynamicAgentLoading to hide this warning
WARNING: If a serviceability tool is not in use, please run with -Djdk.instrument.traceUsage for more information
WARNING: Dynamic loading of agents will be disallowed by default in a future release
]]></system-err>
  </testcase>
  <testcase name="blockingDemoEndpointShouldWaitForAsyncResult" classname="com.example.redis.example.AsyncRedisTemplateIntegrationTests" time="0.457">
    <system-out><![CDATA[2026-05-11T11:14:19.112+08:00  INFO 35485 --- [async-redis-example] [o-auto-1-exec-1] o.a.c.c.C.[Tomcat].[localhost].[/]       : Initializing Spring DispatcherServlet 'dispatcherServlet'
2026-05-11T11:14:19.112+08:00  INFO 35485 --- [async-redis-example] [o-auto-1-exec-1] o.s.web.servlet.DispatcherServlet        : Initializing Servlet 'dispatcherServlet'
2026-05-11T11:14:19.115+08:00  INFO 35485 --- [async-redis-example] [o-auto-1-exec-1] o.s.web.servlet.DispatcherServlet        : Completed initialization in 2 ms
]]></system-out>
  </testcase>
  <testcase name="pubSubShouldPublishAndReceiveMessages" classname="com.example.redis.example.AsyncRedisTemplateIntegrationTests" time="0.185"/>
  <testcase name="streamOperationsShouldCreateGroupReadAndAck" classname="com.example.redis.example.AsyncRedisTemplateIntegrationTests" time="0.039"/>
  <testcase name="httpExampleShouldPersistProfileAndStatusIntoRealRedis" classname="com.example.redis.example.AsyncRedisTemplateIntegrationTests" time="0.121"/>
  <testcase name="blockingListPopShouldUseDedicatedConnectionAndReturnWhenValueArrives" classname="com.example.redis.example.AsyncRedisTemplateIntegrationTests" time="0.239"/>
  <testcase name="asyncTemplateShouldReadAndWriteAgainstRealRedis" classname="com.example.redis.example.AsyncRedisTemplateIntegrationTests" time="0.015"/>
  <testcase name="listSetZSetOperationsShouldWorkAgainstRealRedis" classname="com.example.redis.example.AsyncRedisTemplateIntegrationTests" time="0.048"/>
</testsuite>